# JRE version: OpenJDK Runtime Environment (8.0_152-b01) (build 1.8.0_152-release-1343-b01)
# Java VM: OpenJDK 64-Bit Server VM (25.152-b01 mixed mode windows-amd64 compressed oops)
Heap:
 PSYoungGen      total 203776K, used 109547K [0x00000000e0000000, 0x00000000ef800000, 0x0000000100000000)
  eden space 185856K, 49% used [0x00000000e0000000,0x00000000e5a18180,0x00000000eb580000)
  from space 17920K, 96% used [0x00000000eb580000,0x00000000ec662e30,0x00000000ec700000)
  to   space 19968K, 0% used [0x00000000ee480000,0x00000000ee480000,0x00000000ef800000)
 ParOldGen       total 139264K, used 37430K [0x00000000a0000000, 0x00000000a8800000, 0x00000000e0000000)
  object space 139264K, 26% used [0x00000000a0000000,0x00000000a248d938,0x00000000a8800000)
 Metaspace       used 66948K, capacity 69908K, committed 69976K, reserved 1110016K
  class space    used 8931K, capacity 9574K, committed 9600K, reserved 1048576K
GC Heap History (10 events):
Event: 7.022 GC heap before
{Heap before GC invocations=12 (full 2):
 PSYoungGen      total 116736K, used 105472K [0x00000000e0000000, 0x00000000ea400000, 0x0000000100000000)
  eden space 105472K, 100% used [0x00000000e0000000,0x00000000e6700000,0x00000000e6700000)
  from space 11264K, 0% used [0x00000000e6700000,0x00000000e6700000,0x00000000e7200000)
  to   space 12800K, 0% used [0x00000000e9780000,0x00000000e9780000,0x00000000ea400000)
 ParOldGen       total 87552K, used 17713K [0x00000000a0000000, 0x00000000a5580000, 0x00000000e0000000)
  object space 87552K, 20% used [0x00000000a0000000,0x00000000a114c548,0x00000000a5580000)
 Metaspace       used 44546K, capacity 45562K, committed 45912K, reserved 1089536K
  class space    used 5947K, capacity 6213K, committed 6272K, reserved 1048576K
Event: 7.031 GC heap after
Heap after GC invocations=12 (full 2):
 PSYoungGen      total 152576K, used 12778K [0x00000000e0000000, 0x00000000ea480000, 0x0000000100000000)
  eden space 139776K, 0% used [0x00000000e0000000,0x00000000e0000000,0x00000000e8880000)
  from space 12800K, 99% used [0x00000000e9780000,0x00000000ea3fa840,0x00000000ea400000)
  to   space 14336K, 0% used [0x00000000e8880000,0x00000000e8880000,0x00000000e9680000)
 ParOldGen       total 87552K, used 18275K [0x00000000a0000000, 0x00000000a5580000, 0x00000000e0000000)
  object space 87552K, 20% used [0x00000000a0000000,0x00000000a11d8d90,0x00000000a5580000)
 Metaspace       used 44546K, capacity 45562K, committed 45912K, reserved 1089536K
  class space    used 5947K, capacity 6213K, committed 6272K, reserved 1048576K
}
Event: 8.214 GC heap before
{Heap before GC invocations=13 (full 2):
 PSYoungGen      total 152576K, used 152554K [0x00000000e0000000, 0x00000000ea480000, 0x0000000100000000)
  eden space 139776K, 100% used [0x00000000e0000000,0x00000000e8880000,0x00000000e8880000)
  from space 12800K, 99% used [0x00000000e9780000,0x00000000ea3fa840,0x00000000ea400000)
  to   space 14336K, 0% used [0x00000000e8880000,0x00000000e8880000,0x00000000e9680000)
 ParOldGen       total 87552K, used 18275K [0x00000000a0000000, 0x00000000a5580000, 0x00000000e0000000)
  object space 87552K, 20% used [0x00000000a0000000,0x00000000a11d8d90,0x00000000a5580000)
 Metaspace       used 52440K, capacity 53942K, committed 54104K, reserved 1095680K
  class space    used 7129K, capacity 7512K, committed 7552K, reserved 1048576K
Event: 8.231 GC heap after
Heap after GC invocations=13 (full 2):
 PSYoungGen      total 154112K, used 14331K [0x00000000e0000000, 0x00000000ed980000, 0x0000000100000000)
  eden space 139776K, 0% used [0x00000000e0000000,0x00000000e0000000,0x00000000e8880000)
  from space 14336K, 99% used [0x00000000e8880000,0x00000000e967ed30,0x00000000e9680000)
  to   space 18432K, 0% used [0x00000000ec780000,0x00000000ec780000,0x00000000ed980000)
 ParOldGen       total 87552K, used 24370K [0x00000000a0000000, 0x00000000a5580000, 0x00000000e0000000)
  object space 87552K, 27% used [0x00000000a0000000,0x00000000a17ccbc8,0x00000000a5580000)
 Metaspace       used 52440K, capacity 53942K, committed 54104K, reserved 1095680K
  class space    used 7129K, capacity 7512K, committed 7552K, reserved 1048576K
}
Event: 9.230 GC heap before
{Heap before GC invocations=14 (full 2):
 PSYoungGen      total 154112K, used 121032K [0x00000000e0000000, 0x00000000ed980000, 0x0000000100000000)
  eden space 139776K, 76% used [0x00000000e0000000,0x00000000e68335b0,0x00000000e8880000)
  from space 14336K, 99% used [0x00000000e8880000,0x00000000e967ed30,0x00000000e9680000)
  to   space 18432K, 0% used [0x00000000ec780000,0x00000000ec780000,0x00000000ed980000)
 ParOldGen       total 87552K, used 24370K [0x00000000a0000000, 0x00000000a5580000, 0x00000000e0000000)
  object space 87552K, 27% used [0x00000000a0000000,0x00000000a17ccbc8,0x00000000a5580000)
 Metaspace       used 57082K, capacity 58882K, committed 58968K, reserved 1099776K
  class space    used 7782K, capacity 8246K, committed 8320K, reserved 1048576K
Event: 9.243 GC heap after
Heap after GC invocations=14 (full 2):
 PSYoungGen      total 203264K, used 9962K [0x00000000e0000000, 0x00000000ed880000, 0x0000000100000000)
  eden space 185856K, 0% used [0x00000000e0000000,0x00000000e0000000,0x00000000eb580000)
  from space 17408K, 57% used [0x00000000ec780000,0x00000000ed13ab10,0x00000000ed880000)
  to   space 17920K, 0% used [0x00000000eb580000,0x00000000eb580000,0x00000000ec700000)
 ParOldGen       total 87552K, used 32139K [0x00000000a0000000, 0x00000000a5580000, 0x00000000e0000000)
  object space 87552K, 36% used [0x00000000a0000000,0x00000000a1f62ec0,0x00000000a5580000)
 Metaspace       used 57082K, capacity 58882K, committed 58968K, reserved 1099776K
  class space    used 7782K, capacity 8246K, committed 8320K, reserved 1048576K
}
Event: 9.243 GC heap before
{Heap before GC invocations=15 (full 3):
 PSYoungGen      total 203264K, used 9962K [0x00000000e0000000, 0x00000000ed880000, 0x0000000100000000)
  eden space 185856K, 0% used [0x00000000e0000000,0x00000000e0000000,0x00000000eb580000)
  from space 17408K, 57% used [0x00000000ec780000,0x00000000ed13ab10,0x00000000ed880000)
  to   space 17920K, 0% used [0x00000000eb580000,0x00000000eb580000,0x00000000ec700000)
 ParOldGen       total 87552K, used 32139K [0x00000000a0000000, 0x00000000a5580000, 0x00000000e0000000)
  object space 87552K, 36% used [0x00000000a0000000,0x00000000a1f62ec0,0x00000000a5580000)
 Metaspace       used 57082K, capacity 58882K, committed 58968K, reserved 1099776K
  class space    used 7782K, capacity 8246K, committed 8320K, reserved 1048576K
Event: 9.474 GC heap after
Heap after GC invocations=15 (full 3):
 PSYoungGen      total 203264K, used 0K [0x00000000e0000000, 0x00000000ed880000, 0x0000000100000000)
  eden space 185856K, 0% used [0x00000000e0000000,0x00000000e0000000,0x00000000eb580000)
  from space 17408K, 0% used [0x00000000ec780000,0x00000000ec780000,0x00000000ed880000)
  to   space 17920K, 0% used [0x00000000eb580000,0x00000000eb580000,0x00000000ec700000)
 ParOldGen       total 139264K, used 37422K [0x00000000a0000000, 0x00000000a8800000, 0x00000000e0000000)
  object space 139264K, 26% used [0x00000000a0000000,0x00000000a248b938,0x00000000a8800000)
 Metaspace       used 57082K, capacity 58882K, committed 58968K, reserved 1099776K
  class space    used 7782K, capacity 8246K, committed 8320K, reserved 1048576K
}
Event: 37.877 GC heap before
{Heap before GC invocations=16 (full 3):
 PSYoungGen      total 203264K, used 185856K [0x00000000e0000000, 0x00000000ed880000, 0x0000000100000000)
  eden space 185856K, 100% used [0x00000000e0000000,0x00000000eb580000,0x00000000eb580000)
  from space 17408K, 0% used [0x00000000ec780000,0x00000000ec780000,0x00000000ed880000)
  to   space 17920K, 0% used [0x00000000eb580000,0x00000000eb580000,0x00000000ec700000)
 ParOldGen       total 139264K, used 37422K [0x00000000a0000000, 0x00000000a8800000, 0x00000000e0000000)
  object space 139264K, 26% used [0x00000000a0000000,0x00000000a248b938,0x00000000a8800000)
 Metaspace       used 66207K, capacity 69030K, committed 69208K, reserved 1110016K
  class space    used 8911K, capacity 9541K, committed 9600K, reserved 1048576K
Event: 37.898 GC heap after
Heap after GC invocations=16 (full 3):
 PSYoungGen      total 203776K, used 17291K [0x00000000e0000000, 0x00000000ef800000, 0x0000000100000000)
  eden space 185856K, 0% used [0x00000000e0000000,0x00000000e0000000,0x00000000eb580000)
  from space 17920K, 96% used [0x00000000eb580000,0x00000000ec662e30,0x00000000ec700000)
  to   space 19968K, 0% used [0x00000000ee480000,0x00000000ee480000,0x00000000ef800000)
 ParOldGen       total 139264K, used 37430K [0x00000000a0000000, 0x00000000a8800000, 0x00000000e0000000)
  object space 139264K, 26% used [0x00000000a0000000,0x00000000a248d938,0x00000000a8800000)
 Metaspace       used 66207K, capacity 69030K, committed 69208K, reserved 1110016K
  class space    used 8911K, capacity 9541K, committed 9600K, reserved 1048576K
}

