# JRE version: OpenJDK Runtime Environment (8.0_152-b01) (build 1.8.0_152-release-1343-b01)
# Java VM: OpenJDK 64-Bit Server VM (25.152-b01 mixed mode windows-amd64 compressed oops)
Heap:
 PSYoungGen      total 88576K, used 64161K [0x00000000e0000000, 0x00000000e6c00000, 0x0000000100000000)
  eden space 74240K, 67% used [0x00000000e0000000,0x00000000e30b7110,0x00000000e4880000)
  from space 14336K, 99% used [0x00000000e5e00000,0x00000000e6bf14a8,0x00000000e6c00000)
  to   space 17920K, 0% used [0x00000000e4900000,0x00000000e4900000,0x00000000e5a80000)
 ParOldGen       total 166400K, used 84278K [0x00000000a0000000, 0x00000000aa280000, 0x00000000e0000000)
  object space 166400K, 50% used [0x00000000a0000000,0x00000000a524d9e8,0x00000000aa280000)
 Metaspace       used 72911K, capacity 75780K, committed 76760K, reserved 1116160K
  class space    used 9622K, capacity 10275K, committed 10496K, reserved 1048576K
GC Heap History (10 events):
Event: 4693.955 GC heap before
{Heap before GC invocations=44 (full 5):
 PSYoungGen      total 71168K, used 3424K [0x00000000e0000000, 0x00000000e5e80000, 0x0000000100000000)
  eden space 56832K, 0% used [0x00000000e0000000,0x00000000e0000000,0x00000000e3780000)
  from space 14336K, 23% used [0x00000000e3780000,0x00000000e3ad8000,0x00000000e4580000)
  to   space 13824K, 0% used [0x00000000e5100000,0x00000000e5100000,0x00000000e5e80000)
 ParOldGen       total 126464K, used 110560K [0x00000000a0000000, 0x00000000a7b80000, 0x00000000e0000000)
  object space 126464K, 87% used [0x00000000a0000000,0x00000000a6bf83e8,0x00000000a7b80000)
 Metaspace       used 72487K, capacity 75344K, committed 76248K, reserved 1116160K
  class space    used 9634K, capacity 10305K, committed 10496K, reserved 1048576K
Event: 4694.443 GC heap after
Heap after GC invocations=44 (full 5):
 PSYoungGen      total 71168K, used 0K [0x00000000e0000000, 0x00000000e5e80000, 0x0000000100000000)
  eden space 56832K, 0% used [0x00000000e0000000,0x00000000e0000000,0x00000000e3780000)
  from space 14336K, 0% used [0x00000000e3780000,0x00000000e3780000,0x00000000e4580000)
  to   space 13824K, 0% used [0x00000000e5100000,0x00000000e5100000,0x00000000e5e80000)
 ParOldGen       total 103936K, used 41888K [0x00000000a0000000, 0x00000000a6580000, 0x00000000e0000000)
  object space 103936K, 40% used [0x00000000a0000000,0x00000000a28e82d0,0x00000000a6580000)
 Metaspace       used 72222K, capacity 74852K, committed 76248K, reserved 1116160K
  class space    used 9563K, capacity 10182K, committed 10496K, reserved 1048576K
}
Event: 4694.898 GC heap before
{Heap before GC invocations=45 (full 5):
 PSYoungGen      total 71168K, used 48403K [0x00000000e0000000, 0x00000000e5e80000, 0x0000000100000000)
  eden space 56832K, 85% used [0x00000000e0000000,0x00000000e2f44e88,0x00000000e3780000)
  from space 14336K, 0% used [0x00000000e3780000,0x00000000e3780000,0x00000000e4580000)
  to   space 13824K, 0% used [0x00000000e5100000,0x00000000e5100000,0x00000000e5e80000)
 ParOldGen       total 103936K, used 41888K [0x00000000a0000000, 0x00000000a6580000, 0x00000000e0000000)
  object space 103936K, 40% used [0x00000000a0000000,0x00000000a28e82d0,0x00000000a6580000)
 Metaspace       used 72291K, capacity 74928K, committed 76248K, reserved 1116160K
  class space    used 9563K, capacity 10182K, committed 10496K, reserved 1048576K
Event: 4694.925 GC heap after
Heap after GC invocations=45 (full 5):
 PSYoungGen      total 80896K, used 13394K [0x00000000e0000000, 0x00000000e6280000, 0x0000000100000000)
  eden space 67072K, 0% used [0x00000000e0000000,0x00000000e0000000,0x00000000e4180000)
  from space 13824K, 96% used [0x00000000e5100000,0x00000000e5e14bc0,0x00000000e5e80000)
  to   space 15872K, 0% used [0x00000000e4180000,0x00000000e4180000,0x00000000e5100000)
 ParOldGen       total 103936K, used 64424K [0x00000000a0000000, 0x00000000a6580000, 0x00000000e0000000)
  object space 103936K, 61% used [0x00000000a0000000,0x00000000a3eea300,0x00000000a6580000)
 Metaspace       used 72291K, capacity 74928K, committed 76248K, reserved 1116160K
  class space    used 9563K, capacity 10182K, committed 10496K, reserved 1048576K
}
Event: 4695.322 GC heap before
{Heap before GC invocations=46 (full 5):
 PSYoungGen      total 80896K, used 74125K [0x00000000e0000000, 0x00000000e6280000, 0x0000000100000000)
  eden space 67072K, 90% used [0x00000000e0000000,0x00000000e3b4ea18,0x00000000e4180000)
  from space 13824K, 96% used [0x00000000e5100000,0x00000000e5e14bc0,0x00000000e5e80000)
  to   space 15872K, 0% used [0x00000000e4180000,0x00000000e4180000,0x00000000e5100000)
 ParOldGen       total 103936K, used 64424K [0x00000000a0000000, 0x00000000a6580000, 0x00000000e0000000)
  object space 103936K, 61% used [0x00000000a0000000,0x00000000a3eea300,0x00000000a6580000)
 Metaspace       used 72293K, capacity 74992K, committed 76248K, reserved 1116160K
  class space    used 9563K, capacity 10182K, committed 10496K, reserved 1048576K
Event: 4695.349 GC heap after
Heap after GC invocations=46 (full 5):
 PSYoungGen      total 82944K, used 8251K [0x00000000e0000000, 0x00000000e6d80000, 0x0000000100000000)
  eden space 67072K, 0% used [0x00000000e0000000,0x00000000e0000000,0x00000000e4180000)
  from space 15872K, 51% used [0x00000000e4180000,0x00000000e498ec68,0x00000000e5100000)
  to   space 15872K, 0% used [0x00000000e5e00000,0x00000000e5e00000,0x00000000e6d80000)
 ParOldGen       total 103936K, used 92063K [0x00000000a0000000, 0x00000000a6580000, 0x00000000e0000000)
  object space 103936K, 88% used [0x00000000a0000000,0x00000000a59e7dd8,0x00000000a6580000)
 Metaspace       used 72293K, capacity 74992K, committed 76248K, reserved 1116160K
  class space    used 9563K, capacity 10182K, committed 10496K, reserved 1048576K
}
Event: 4695.349 GC heap before
{Heap before GC invocations=47 (full 6):
 PSYoungGen      total 82944K, used 8251K [0x00000000e0000000, 0x00000000e6d80000, 0x0000000100000000)
  eden space 67072K, 0% used [0x00000000e0000000,0x00000000e0000000,0x00000000e4180000)
  from space 15872K, 51% used [0x00000000e4180000,0x00000000e498ec68,0x00000000e5100000)
  to   space 15872K, 0% used [0x00000000e5e00000,0x00000000e5e00000,0x00000000e6d80000)
 ParOldGen       total 103936K, used 92063K [0x00000000a0000000, 0x00000000a6580000, 0x00000000e0000000)
  object space 103936K, 88% used [0x00000000a0000000,0x00000000a59e7dd8,0x00000000a6580000)
 Metaspace       used 72293K, capacity 74992K, committed 76248K, reserved 1116160K
  class space    used 9563K, capacity 10182K, committed 10496K, reserved 1048576K
Event: 4695.496 GC heap after
Heap after GC invocations=47 (full 6):
 PSYoungGen      total 82944K, used 0K [0x00000000e0000000, 0x00000000e6d80000, 0x0000000100000000)
  eden space 67072K, 0% used [0x00000000e0000000,0x00000000e0000000,0x00000000e4180000)
  from space 15872K, 0% used [0x00000000e4180000,0x00000000e4180000,0x00000000e5100000)
  to   space 15872K, 0% used [0x00000000e5e00000,0x00000000e5e00000,0x00000000e6d80000)
 ParOldGen       total 166400K, used 84270K [0x00000000a0000000, 0x00000000aa280000, 0x00000000e0000000)
  object space 166400K, 50% used [0x00000000a0000000,0x00000000a524b9e8,0x00000000aa280000)
 Metaspace       used 72293K, capacity 74992K, committed 76248K, reserved 1116160K
  class space    used 9563K, capacity 10182K, committed 10496K, reserved 1048576K
}
Event: 6072.426 GC heap before
{Heap before GC invocations=48 (full 6):
 PSYoungGen      total 82944K, used 67072K [0x00000000e0000000, 0x00000000e6d80000, 0x0000000100000000)
  eden space 67072K, 100% used [0x00000000e0000000,0x00000000e4180000,0x00000000e4180000)
  from space 15872K, 0% used [0x00000000e4180000,0x00000000e4180000,0x00000000e5100000)
  to   space 15872K, 0% used [0x00000000e5e00000,0x00000000e5e00000,0x00000000e6d80000)
 ParOldGen       total 166400K, used 84270K [0x00000000a0000000, 0x00000000aa280000, 0x00000000e0000000)
  object space 166400K, 50% used [0x00000000a0000000,0x00000000a524b9e8,0x00000000aa280000)
 Metaspace       used 72550K, capacity 75234K, committed 76248K, reserved 1116160K
  class space    used 9591K, capacity 10226K, committed 10496K, reserved 1048576K
Event: 6072.478 GC heap after
Heap after GC invocations=48 (full 6):
 PSYoungGen      total 88576K, used 14277K [0x00000000e0000000, 0x00000000e6c00000, 0x0000000100000000)
  eden space 74240K, 0% used [0x00000000e0000000,0x00000000e0000000,0x00000000e4880000)
  from space 14336K, 99% used [0x00000000e5e00000,0x00000000e6bf14a8,0x00000000e6c00000)
  to   space 17920K, 0% used [0x00000000e4900000,0x00000000e4900000,0x00000000e5a80000)
 ParOldGen       total 166400K, used 84278K [0x00000000a0000000, 0x00000000aa280000, 0x00000000e0000000)
  object space 166400K, 50% used [0x00000000a0000000,0x00000000a524d9e8,0x00000000aa280000)
 Metaspace       used 72550K, capacity 75234K, committed 76248K, reserved 1116160K
  class space    used 9591K, capacity 10226K, committed 10496K, reserved 1048576K
}

