# JRE version: OpenJDK Runtime Environment (8.0_152-b01) (build 1.8.0_152-release-1343-b01)
# Java VM: OpenJDK 64-Bit Server VM (25.152-b01 mixed mode windows-amd64 compressed oops)
Heap:
 PSYoungGen      total 141824K, used 116821K [0x00000000e0000000, 0x00000000ec580000, 0x0000000100000000)
  eden space 126464K, 92% used [0x00000000e0000000,0x00000000e72156b8,0x00000000e7b80000)
  from space 15360K, 0% used [0x00000000e7b80000,0x00000000e7b80000,0x00000000e8a80000)
  to   space 14848K, 0% used [0x00000000eb700000,0x00000000eb700000,0x00000000ec580000)
 ParOldGen       total 142336K, used 36362K [0x00000000a0000000, 0x00000000a8b00000, 0x00000000e0000000)
  object space 142336K, 25% used [0x00000000a0000000,0x00000000a2382a98,0x00000000a8b00000)
 Metaspace       used 62326K, capacity 65058K, committed 65368K, reserved 1105920K
  class space    used 8648K, capacity 9256K, committed 9344K, reserved 1048576K
GC Heap History (10 events):
Event: 10.806 GC heap before
{Heap before GC invocations=14 (full 2):
 PSYoungGen      total 82944K, used 72704K [0x00000000e0000000, 0x00000000e7a00000, 0x0000000100000000)
  eden space 72704K, 100% used [0x00000000e0000000,0x00000000e4700000,0x00000000e4700000)
  from space 10240K, 0% used [0x00000000e4700000,0x00000000e4700000,0x00000000e5100000)
  to   space 10240K, 0% used [0x00000000e7000000,0x00000000e7000000,0x00000000e7a00000)
 ParOldGen       total 90624K, used 16083K [0x00000000a0000000, 0x00000000a5880000, 0x00000000e0000000)
  object space 90624K, 17% used [0x00000000a0000000,0x00000000a0fb4d38,0x00000000a5880000)
 Metaspace       used 42229K, capacity 43198K, committed 43608K, reserved 1087488K
  class space    used 5684K, capacity 5907K, committed 6016K, reserved 1048576K
Event: 10.816 GC heap after
Heap after GC invocations=14 (full 2):
 PSYoungGen      total 107008K, used 9457K [0x00000000e0000000, 0x00000000e7980000, 0x0000000100000000)
  eden space 97280K, 0% used [0x00000000e0000000,0x00000000e0000000,0x00000000e5f00000)
  from space 9728K, 97% used [0x00000000e7000000,0x00000000e793c6a0,0x00000000e7980000)
  to   space 11264K, 0% used [0x00000000e6380000,0x00000000e6380000,0x00000000e6e80000)
 ParOldGen       total 90624K, used 16091K [0x00000000a0000000, 0x00000000a5880000, 0x00000000e0000000)
  object space 90624K, 17% used [0x00000000a0000000,0x00000000a0fb6d38,0x00000000a5880000)
 Metaspace       used 42229K, capacity 43198K, committed 43608K, reserved 1087488K
  class space    used 5684K, capacity 5907K, committed 6016K, reserved 1048576K
}
Event: 11.489 GC heap before
{Heap before GC invocations=15 (full 2):
 PSYoungGen      total 107008K, used 106737K [0x00000000e0000000, 0x00000000e7980000, 0x0000000100000000)
  eden space 97280K, 100% used [0x00000000e0000000,0x00000000e5f00000,0x00000000e5f00000)
  from space 9728K, 97% used [0x00000000e7000000,0x00000000e793c6a0,0x00000000e7980000)
  to   space 11264K, 0% used [0x00000000e6380000,0x00000000e6380000,0x00000000e6e80000)
 ParOldGen       total 90624K, used 16091K [0x00000000a0000000, 0x00000000a5880000, 0x00000000e0000000)
  object space 90624K, 17% used [0x00000000a0000000,0x00000000a0fb6d38,0x00000000a5880000)
 Metaspace       used 46227K, capacity 47350K, committed 47576K, reserved 1089536K
  class space    used 6210K, capacity 6551K, committed 6656K, reserved 1048576K
Event: 11.499 GC heap after
Heap after GC invocations=15 (full 2):
 PSYoungGen      total 113152K, used 9400K [0x00000000e0000000, 0x00000000e9600000, 0x0000000100000000)
  eden space 101888K, 0% used [0x00000000e0000000,0x00000000e0000000,0x00000000e6380000)
  from space 11264K, 83% used [0x00000000e6380000,0x00000000e6cae3f0,0x00000000e6e80000)
  to   space 11776K, 0% used [0x00000000e8a80000,0x00000000e8a80000,0x00000000e9600000)
 ParOldGen       total 90624K, used 20516K [0x00000000a0000000, 0x00000000a5880000, 0x00000000e0000000)
  object space 90624K, 22% used [0x00000000a0000000,0x00000000a1409180,0x00000000a5880000)
 Metaspace       used 46227K, capacity 47350K, committed 47576K, reserved 1089536K
  class space    used 6210K, capacity 6551K, committed 6656K, reserved 1048576K
}
Event: 12.416 GC heap before
{Heap before GC invocations=16 (full 2):
 PSYoungGen      total 113152K, used 111288K [0x00000000e0000000, 0x00000000e9600000, 0x0000000100000000)
  eden space 101888K, 100% used [0x00000000e0000000,0x00000000e6380000,0x00000000e6380000)
  from space 11264K, 83% used [0x00000000e6380000,0x00000000e6cae3f0,0x00000000e6e80000)
  to   space 11776K, 0% used [0x00000000e8a80000,0x00000000e8a80000,0x00000000e9600000)
 ParOldGen       total 90624K, used 20516K [0x00000000a0000000, 0x00000000a5880000, 0x00000000e0000000)
  object space 90624K, 22% used [0x00000000a0000000,0x00000000a1409180,0x00000000a5880000)
 Metaspace       used 54477K, capacity 56116K, committed 56280K, reserved 1097728K
  class space    used 7389K, capacity 7820K, committed 7936K, reserved 1048576K
Event: 12.433 GC heap after
Heap after GC invocations=16 (full 2):
 PSYoungGen      total 138240K, used 11772K [0x00000000e0000000, 0x00000000ea400000, 0x0000000100000000)
  eden space 126464K, 0% used [0x00000000e0000000,0x00000000e0000000,0x00000000e7b80000)
  from space 11776K, 99% used [0x00000000e8a80000,0x00000000e95ff128,0x00000000e9600000)
  to   space 15360K, 0% used [0x00000000e7b80000,0x00000000e7b80000,0x00000000e8a80000)
 ParOldGen       total 90624K, used 26452K [0x00000000a0000000, 0x00000000a5880000, 0x00000000e0000000)
  object space 90624K, 29% used [0x00000000a0000000,0x00000000a19d5348,0x00000000a5880000)
 Metaspace       used 54477K, capacity 56116K, committed 56280K, reserved 1097728K
  class space    used 7389K, capacity 7820K, committed 7936K, reserved 1048576K
}
Event: 12.931 GC heap before
{Heap before GC invocations=17 (full 2):
 PSYoungGen      total 138240K, used 91795K [0x00000000e0000000, 0x00000000ea400000, 0x0000000100000000)
  eden space 126464K, 63% used [0x00000000e0000000,0x00000000e4e25e80,0x00000000e7b80000)
  from space 11776K, 99% used [0x00000000e8a80000,0x00000000e95ff128,0x00000000e9600000)
  to   space 15360K, 0% used [0x00000000e7b80000,0x00000000e7b80000,0x00000000e8a80000)
 ParOldGen       total 90624K, used 26452K [0x00000000a0000000, 0x00000000a5880000, 0x00000000e0000000)
  object space 90624K, 29% used [0x00000000a0000000,0x00000000a19d5348,0x00000000a5880000)
 Metaspace       used 57157K, capacity 58896K, committed 58968K, reserved 1099776K
  class space    used 7790K, capacity 8248K, committed 8320K, reserved 1048576K
Event: 12.942 GC heap after
Heap after GC invocations=17 (full 2):
 PSYoungGen      total 141824K, used 7144K [0x00000000e0000000, 0x00000000ec580000, 0x0000000100000000)
  eden space 126464K, 0% used [0x00000000e0000000,0x00000000e0000000,0x00000000e7b80000)
  from space 15360K, 46% used [0x00000000e7b80000,0x00000000e827a280,0x00000000e8a80000)
  to   space 14848K, 0% used [0x00000000eb700000,0x00000000eb700000,0x00000000ec580000)
 ParOldGen       total 90624K, used 31734K [0x00000000a0000000, 0x00000000a5880000, 0x00000000e0000000)
  object space 90624K, 35% used [0x00000000a0000000,0x00000000a1efd810,0x00000000a5880000)
 Metaspace       used 57157K, capacity 58896K, committed 58968K, reserved 1099776K
  class space    used 7790K, capacity 8248K, committed 8320K, reserved 1048576K
}
Event: 12.942 GC heap before
{Heap before GC invocations=18 (full 3):
 PSYoungGen      total 141824K, used 7144K [0x00000000e0000000, 0x00000000ec580000, 0x0000000100000000)
  eden space 126464K, 0% used [0x00000000e0000000,0x00000000e0000000,0x00000000e7b80000)
  from space 15360K, 46% used [0x00000000e7b80000,0x00000000e827a280,0x00000000e8a80000)
  to   space 14848K, 0% used [0x00000000eb700000,0x00000000eb700000,0x00000000ec580000)
 ParOldGen       total 90624K, used 31734K [0x00000000a0000000, 0x00000000a5880000, 0x00000000e0000000)
  object space 90624K, 35% used [0x00000000a0000000,0x00000000a1efd810,0x00000000a5880000)
 Metaspace       used 57157K, capacity 58896K, committed 58968K, reserved 1099776K
  class space    used 7790K, capacity 8248K, committed 8320K, reserved 1048576K
Event: 13.217 GC heap after
Heap after GC invocations=18 (full 3):
 PSYoungGen      total 141824K, used 0K [0x00000000e0000000, 0x00000000ec580000, 0x0000000100000000)
  eden space 126464K, 0% used [0x00000000e0000000,0x00000000e0000000,0x00000000e7b80000)
  from space 15360K, 0% used [0x00000000e7b80000,0x00000000e7b80000,0x00000000e8a80000)
  to   space 14848K, 0% used [0x00000000eb700000,0x00000000eb700000,0x00000000ec580000)
 ParOldGen       total 142336K, used 36362K [0x00000000a0000000, 0x00000000a8b00000, 0x00000000e0000000)
  object space 142336K, 25% used [0x00000000a0000000,0x00000000a2382a98,0x00000000a8b00000)
 Metaspace       used 57157K, capacity 58896K, committed 58968K, reserved 1099776K
  class space    used 7790K, capacity 8248K, committed 8320K, reserved 1048576K
}

